
  [Spark Auto-Scaler] Dataset: ogbn-arxiv | Physical Size: 11.77 MB | Scale: Small/Medium
  [Spark Auto-Scaler] Active YARN Workers: 2
  → Allocating 14 executors with 2 cores and 8g (+4g overhead) memory.
  → Driver memory: 74g (+19g overhead)

  ✓ SparkSession successfully configured and initialized as 'spark'.

================================================================================
  VERIFYING AND INSTALLING PYTHON ENVIRONMENT PACKAGES
================================================================================
  ✓ numpy           - Already installed on driver and executors (skipping)
  ✓ ogb             - Already installed on driver and executors (skipping)
  ✓ igraph          - Already installed on driver and executors (skipping)
  ✓ leidenalg       - Already installed on driver and executors (skipping)
  ✓ scikit-learn    - Already installed on driver and executors (skipping)
  ✓ torch           - Already installed on driver and executors (skipping)
  ✓ boto3           - Already installed on driver and executors (skipping)
  ✓ xlsxwriter      - Already installed on driver and executors (skipping)
  ✓ openpyxl        - Already installed on driver and executors (skipping)
  ✓ matplotlib      - Already installed on driver and executors (skipping)
  ✓ seaborn         - Already installed on driver and executors (skipping)
  ✓ torch-geometric - Already installed on driver and executors (skipping)
  ✓ pyarrow         - Already installed on driver and executors (skipping)
  ✓ dgl==1.1.3      - Already installed on driver and executors (skipping)

  ✓ ALL PIPELINE DEPENDENCIES VERIFIED AND READY.

================================================================================
  BOOTSTRAPPING EXPERIMENT CODE AND STAGE UTILITIES
================================================================================
  ► LOADING PIPELINE AND CONFIG FROM LOCAL PATHS...
    ✓ Packed local pipeline folder to /tmp/pipeline.zip and copied to /tmp/pipeline
  ✓ Registered pipeline.zip package on Spark Context

  Run Profile: ogbn-arxiv
  └─ Datasets: ['ogbn-arxiv']
  └─ Algorithms: ['lpa', 'louvain']
  └─ GNN Architecture: GCN (epochs=10, lr=0.01, hidden=256)
  └─ Global Mapping: True | Boundary Expansion: True
  └─ Ingestion Phase (Phase 0): False
[Phase 0 SKIPPED]  RUN_PHASE0 = False
  → Set RUN_PHASE0 = True in experiment_config.py when using a new dataset.

============================================================
  PHASE 1 — Community Detection: ogbn-arxiv
============================================================
  Graph loaded: 169,343 nodes | 2,315,598 edges  [31.8s]

  ── [LPA] ──────────────────────────────
    Iter 1/5: 55,605 comms  [7.8s]
    Iter 2/5: 26,756 comms  [3.8s]
    Iter 3/5: 17,786 comms  [3.2s]
    Iter 4/5: 12,944 comms  [5.4s]
    Iter 5/5: 10,376 comms  [13.7s]
  ✓ [lpa] 10,376 communities | NMI=0.3878 | 43.1s

  ── [LOUVAIN] ──────────────────────────────
  Collecting edges to driver ...
  Mapping node IDs using vectorized binary search ...
  Building igraph (169,343 nodes) ...
  Running louvain (resolution=1.0) ...
  ✓ [louvain] 148 communities | NMI=0.4018 | 11.9s

======================================================================
  PHASE 1 SUMMARY
======================================================================

  Dataset: ogbn-arxiv
  Algorithm        #Comms      NMI    Runtime
  ------------ ---------- -------- ----------
  lpa              10,376   0.3878      43.1s
  louvain             148   0.4018      11.9s

  [lpa] Community assignment details:
    Vertices assigned: 169,343 / 169,343 (100.0% coverage)
    Total communities: 10,376 | Valid (≥100): 219
    Size stats: min=1  max=25,948  avg=16.3  median=3
    Size buckets: 1-9:8,176 | 10-99:1,981 | 100-999:211 | 1K-9999:7 | 10K+:1
    Top-10 largest: c166425=25,948, c169341=3,790, c169338=2,929, c169335=2,158, c168847=1,730, c155234=1,525, c166397=1,355, c161678=1,174, c167239=993, c169312=937

  [louvain] Community assignment details:
    Vertices assigned: 169,343 / 169,343 (100.0% coverage)
    Total communities: 148 | Valid (≥100): 34
    Size stats: min=4  max=16,203  avg=1144.2  median=14
    Size buckets: 1-9:43 | 10-99:71 | 100-999:10 | 1K-9999:17 | 10K+:7
    Top-10 largest: c16=16,203, c19=15,571, c1=15,552, c4=12,606, c5=11,892, c11=11,175, c15=10,291, c2=8,152, c14=8,127, c10=7,643

============================================================
  PHASE 2 — Partitioning: ogbn-arxiv
============================================================

  ── [LPA]  tag=ogbn-arxiv_ogbn-arxiv_lpa ──
  Raw=10,376  Valid(≥100)=219  min=100  max=25,948  avg=420.9
  Edges kept: 2,315,598 (100.0%)  Boundary nodes: 0  Internal: 169,343
  Shuffle overhead (groupBy community_id): 3.4s
  ✓ [lpa] Phase 2 done in 26.8s

  ── [LOUVAIN]  tag=ogbn-arxiv_ogbn-arxiv_louvain ──
  Raw=148  Valid(≥100)=34  min=129  max=16,203  avg=4927.6
  Edges kept: 2,315,598 (100.0%)  Boundary nodes: 0  Internal: 169,343
  Shuffle overhead (groupBy community_id): 2.7s
  ✓ [louvain] Phase 2 done in 21.9s

============================================================
  PHASE 3 — GNN Training: ogbn-arxiv / lpa / sage
  tag=ogbn-arxiv_ogbn-arxiv_lpa
============================================================
  [Driver Warmstart] Extracting largest community for driver-side pre-training...
  ✓ Driver-side base model trained successfully on Comm -1 (125,912 nodes).
  Training DF: 537,478 rows | 220 communities binned into 5 executor tasks
  ✓ Mean comm acc = 0.5608
  ✓ Weighted comm acc = 0.5454
  ✓ Mean comm link AUC = 0.5000
  ✓ Weighted comm link AUC = 0.5000
  ✓ Wall time: 171.5s
    - Avg Load time: 0.01s | Max: 0.47s
    - Avg Node Train: 1.16s | Max: 79.13s
    - Avg Link Train: 0.00s | Max: 0.00s
    ✓ Saved S3 checkpoint: s3://us-east-1-s3-gnn/gnn-bench-checkpoint/phase3/ogbn-arxiv/ogbn-arxiv_lpa_sage.parquet

============================================================
  PHASE 3 — GNN Training: ogbn-arxiv / lpa / gatv2
  tag=ogbn-arxiv_ogbn-arxiv_lpa
============================================================
  [Driver Warmstart] Extracting largest community for driver-side pre-training...
  ✓ Driver-side base model trained successfully on Comm -1 (125,912 nodes).
  Training DF: 537,478 rows | 220 communities binned into 5 executor tasks
  ✓ Mean comm acc = 0.5620
  ✓ Weighted comm acc = 0.5022
  ✓ Mean comm link AUC = 0.5000
  ✓ Weighted comm link AUC = 0.5000
  ✓ Wall time: 174.3s
    - Avg Load time: 0.01s | Max: 0.48s
    - Avg Node Train: 1.24s | Max: 81.83s
    - Avg Link Train: 0.00s | Max: 0.00s
    ✓ Saved S3 checkpoint: s3://us-east-1-s3-gnn/gnn-bench-checkpoint/phase3/ogbn-arxiv/ogbn-arxiv_lpa_gatv2.parquet

============================================================
  PHASE 3 — GNN Training: ogbn-arxiv / louvain / sage
  tag=ogbn-arxiv_ogbn-arxiv_louvain
============================================================
  [Driver Warmstart] Extracting largest community for driver-side pre-training...
  ✓ Driver-side base model trained successfully on Comm 19 (37,972 nodes).
  Training DF: 340,602 rows | 35 communities binned into 35 executor tasks
  ✓ Mean comm acc = 0.4351
  ✓ Weighted comm acc = 0.5183
  ✓ Mean comm link AUC = 0.5000
  ✓ Weighted comm link AUC = 0.5000
  ✓ Wall time: 51.9s
    - Avg Load time: 0.07s | Max: 0.39s
    - Avg Node Train: 6.33s | Max: 27.48s
    - Avg Link Train: 0.00s | Max: 0.00s
    ✓ Saved S3 checkpoint: s3://us-east-1-s3-gnn/gnn-bench-checkpoint/phase3/ogbn-arxiv/ogbn-arxiv_louvain_sage.parquet

============================================================
  PHASE 3 — GNN Training: ogbn-arxiv / louvain / gatv2
  tag=ogbn-arxiv_ogbn-arxiv_louvain
============================================================
  [Driver Warmstart] Extracting largest community for driver-side pre-training...
  ✓ Driver-side base model trained successfully on Comm 19 (37,972 nodes).
  Training DF: 340,602 rows | 35 communities binned into 35 executor tasks
  ✓ Mean comm acc = 0.4237
  ✓ Weighted comm acc = 0.4993
  ✓ Mean comm link AUC = 0.5000
  ✓ Weighted comm link AUC = 0.5000
  ✓ Wall time: 39.4s
    - Avg Load time: 0.07s | Max: 0.44s
    - Avg Node Train: 4.99s | Max: 24.42s
    - Avg Link Train: 0.00s | Max: 0.00s
    ✓ Saved S3 checkpoint: s3://us-east-1-s3-gnn/gnn-bench-checkpoint/phase3/ogbn-arxiv/ogbn-arxiv_louvain_gatv2.parquet

[PHASE 3b] - Parallel GNN Training with CaaN Global Graph
  Dataset: ogbn-arxiv | Algorithm: lpa
    - Major communities (>= 100): 219
    - Minor communities (< 100): 10157

============================================================
  PHASE 3b — GNN Training (CaaN): ogbn-arxiv / lpa / sage
  tag=ogbn-arxiv_ogbn-arxiv_lpa
============================================================
  [Driver Warmstart] Extracting largest community for driver-side pre-training...
  ✓ Driver-side base model trained successfully on Comm 166425 (25,948 nodes).
  ✓ Mean CaaN comm acc = 0.5278
  ✓ Weighted CaaN comm acc = 0.4207
  ✓ Wall time: 51.7s
    ✓ Saved S3 checkpoint: s3://us-east-1-s3-gnn/gnn-bench-checkpoint/phase3b/ogbn-arxiv/ogbn-arxiv_lpa_sage.parquet

============================================================
  PHASE 3b — GNN Training (CaaN): ogbn-arxiv / lpa / gatv2
  tag=ogbn-arxiv_ogbn-arxiv_lpa
============================================================
  [Driver Warmstart] Extracting largest community for driver-side pre-training...
  ✓ Driver-side base model trained successfully on Comm 166425 (25,948 nodes).
  ✓ Mean CaaN comm acc = 0.5502
  ✓ Weighted CaaN comm acc = 0.3971
  ✓ Wall time: 59.3s
    ✓ Saved S3 checkpoint: s3://us-east-1-s3-gnn/gnn-bench-checkpoint/phase3b/ogbn-arxiv/ogbn-arxiv_lpa_gatv2.parquet
  Dataset: ogbn-arxiv | Algorithm: louvain
    - Major communities (>= 100): 34
    - Minor communities (< 100): 114

============================================================
  PHASE 3b — GNN Training (CaaN): ogbn-arxiv / louvain / sage
  tag=ogbn-arxiv_ogbn-arxiv_louvain
============================================================
  [Driver Warmstart] Extracting largest community for driver-side pre-training...
  ✓ Driver-side base model trained successfully on Comm 16 (16,203 nodes).
  ✓ Mean CaaN comm acc = 0.4324
  ✓ Weighted CaaN comm acc = 0.5301
  ✓ Wall time: 34.7s
    ✓ Saved S3 checkpoint: s3://us-east-1-s3-gnn/gnn-bench-checkpoint/phase3b/ogbn-arxiv/ogbn-arxiv_louvain_sage.parquet

============================================================
  PHASE 3b — GNN Training (CaaN): ogbn-arxiv / louvain / gatv2
  tag=ogbn-arxiv_ogbn-arxiv_louvain
============================================================
  [Driver Warmstart] Extracting largest community for driver-side pre-training...
  ✓ Driver-side base model trained successfully on Comm 16 (16,203 nodes).
  ✓ Mean CaaN comm acc = 0.4503
  ✓ Weighted CaaN comm acc = 0.5606
  ✓ Wall time: 25.9s
    ✓ Saved S3 checkpoint: s3://us-east-1-s3-gnn/gnn-bench-checkpoint/phase3b/ogbn-arxiv/ogbn-arxiv_louvain_gatv2.parquet

[PHASE 5] - Metrics Analysis, Visualizations, and Excel S3 Export

===============================================================================================
  PHASE 5A — PERFORMANCE COMPARISON (NODE ACCURACY & LINK AUC)
===============================================================================================

  Dataset: ogbn-arxiv
  _Algorithm           Node Acc   Comm Acc    Bnd Acc    Int Acc     Link AUC
  ---------------------------------------------------------------------------
  lpa-sage               0.5454     0.5608     0.0000     0.5608       0.5000
  lpa-sage-caan          0.4207     0.5278     0.0000     0.5278       0.5000
  lpa-gatv2              0.5022     0.5620     0.0000     0.5620       0.5000
  lpa-gatv2-caan         0.3971     0.5502     0.0000     0.5502       0.5000
  louvain-sage           0.5183     0.4351     0.0000     0.4351       0.5000
  louvain-sage-caan      0.5301     0.4324     0.0000     0.4324       0.5000
  louvain-gatv2          0.4993     0.4237     0.0000     0.4237       0.5000
  louvain-gatv2-caan     0.5606     0.4503     0.0000     0.4503       0.5000

  [ogbn-arxiv] Performance by community size bucket:
    lpa-sage:
      large   : n=220  acc=0.5608  auc=0.5000
    lpa-sage-caan:
      small   : n=1  acc=0.1546  auc=0.5000
      medium  : n=125  acc=0.5098  auc=0.5000
      large   : n=94  acc=0.5556  auc=0.5000
    lpa-gatv2:
      large   : n=220  acc=0.5620  auc=0.5000
    lpa-gatv2-caan:
      small   : n=1  acc=0.0663  auc=0.5000
      medium  : n=125  acc=0.5229  auc=0.5000
      large   : n=94  acc=0.5917  auc=0.5000
    louvain-sage:
      medium  : n=2  acc=0.2407  auc=0.5000
      large   : n=33  acc=0.4469  auc=0.5000
    louvain-sage-caan:
      small   : n=1  acc=0.2266  auc=0.5000
      medium  : n=2  acc=0.2619  auc=0.5000
      large   : n=32  acc=0.4495  auc=0.5000
    louvain-gatv2:
      medium  : n=2  acc=0.2222  auc=0.5000
      large   : n=33  acc=0.4359  auc=0.5000
    louvain-gatv2-caan:
      small   : n=1  acc=0.1641  auc=0.5000
      medium  : n=2  acc=0.2619  auc=0.5000
      large   : n=32  acc=0.4710  auc=0.5000

================================================================================
  PHASE 5B — TIMING COMPARISON
================================================================================

  Dataset: ogbn-arxiv
  Algorithm             Phase1    Phase2    Phase3   Phase3b     Total
  --------------------------------------------------------------------
  lpa-sage               43.1s     26.8s    171.5s     51.7s    293.1s
  lpa-gatv2              43.1s     26.8s    174.3s     59.3s    303.5s
  louvain-sage           11.9s     21.9s     51.9s     34.7s    120.4s
  louvain-gatv2          11.9s     21.9s     39.4s     25.9s     99.1s
  BASELINE (SAGE)            —         —         —      0.0s (Node: 0.0s, Link: 0.0s)
  XLSX → s3://us-east-1-s3-gnn/gnn-bench-out/ogbn-arxiv_results.xlsx
  Plot → s3://us-east-1-s3-gnn/gnn-bench-out/plots/ogbn-arxiv/ogbn-arxiv_acc_dist.png
  Plot → s3://us-east-1-s3-gnn/gnn-bench-out/plots/ogbn-arxiv/ogbn-arxiv_boundary_internal.png
  Plot → s3://us-east-1-s3-gnn/gnn-bench-out/plots/ogbn-arxiv/ogbn-arxiv_timing.png

================================================================================
  FINAL PIPELINE REPORT SUMMARY
================================================================================
╔══════════════════════════════════════════════════════════════╗
║  EXPERIMENT: ogbn-arxiv                                     ║
║  Global mapping: True                                        ║
╠══════════════════════════════════════════════════════════════╣
║   Dataset                        ogbn-arxiv                    ║
║   Phase 0 (ingest)               SKIPPED                       ║
║   Phase 1 [lpa]                  43.1s                         ║
║   Phase 2 [lpa]                  26.8s                         ║
║   Phase 3 [lpa-sage]             171.5s                        ║
║   Phase 3b [lpa-sage-caan]       51.7s                         ║
║   Phase 3 [lpa-gatv2]            174.3s                        ║
║   Phase 3b [lpa-gatv2-caan]      59.3s                         ║
║   Phase 1 [louvain]              11.9s                         ║
║   Phase 2 [louvain]              21.9s                         ║
║   Phase 3 [louvain-sage]         51.9s                         ║
║   Phase 3b [louvain-sage-caan]   34.7s                         ║
║   Phase 3 [louvain-gatv2]        39.4s                         ║
║   Phase 3b [louvain-gatv2-caan]  25.9s                         ║
╠══════════════════════════════════════════════════════════════╣
║   [lpa-sage] global acc          0.5454                        ║
║   [lpa-sage] boundary acc        0.0000                        ║
║   [lpa-sage] internal acc        0.5608                        ║
║   [lpa-sage] link AUC            0.5000                        ║
║   [lpa-sage-caan] global acc     0.4207                        ║
║   [lpa-sage-caan] boundary acc   0.0000                        ║
║   [lpa-sage-caan] internal acc   0.5278                        ║
║   [lpa-sage-caan] link AUC       0.5000                        ║
║   [lpa-gatv2] global acc         0.5022                        ║
║   [lpa-gatv2] boundary acc       0.0000                        ║
║   [lpa-gatv2] internal acc       0.5620                        ║
║   [lpa-gatv2] link AUC           0.5000                        ║
║   [lpa-gatv2-caan] global acc    0.3971                        ║
║   [lpa-gatv2-caan] boundary acc  0.0000                        ║
║   [lpa-gatv2-caan] internal acc  0.5502                        ║
║   [lpa-gatv2-caan] link AUC      0.5000                        ║
║   [lpa] communities              10,376 raw → 219 valid        ║
║   [louvain-sage] global acc      0.5183                        ║
║   [louvain-sage] boundary acc    0.0000                        ║
║   [louvain-sage] internal acc    0.4351                        ║
║   [louvain-sage] link AUC        0.5000                        ║
║   [louvain-sage-caan] global acc 0.5301                        ║
║   [louvain-sage-caan] boundary acc 0.0000                      ║
║   [louvain-sage-caan] internal acc 0.4324                      ║
║   [louvain-sage-caan] link AUC   0.5000                        ║
║   [louvain-gatv2] global acc     0.4993                        ║
║   [louvain-gatv2] boundary acc   0.0000                        ║
║   [louvain-gatv2] internal acc   0.4237                        ║
║   [louvain-gatv2] link AUC       0.5000                        ║
║   [louvain-gatv2-caan] global acc 0.5606                       ║
║   [louvain-gatv2-caan] boundary acc 0.0000                     ║
║   [louvain-gatv2-caan] internal acc 0.4503                     ║
║   [louvain-gatv2-caan] link AUC  0.5000                        ║
║   [louvain] communities          148 raw → 34 valid            ║
╚══════════════════════════════════════════════════════════════╝

[SUCCESS] EMR Driver execution completed in 827.4 seconds.
================================================================================

