
  [Spark Auto-Scaler] Dataset: ogbn-arxiv | Physical Size: 11.77 MB | Scale: Small/Medium
  [Spark Auto-Scaler] Active YARN Workers: 2
  → Allocating 14 executors with 2 cores and 8g (+4g overhead) memory.
  → Driver memory: 74g (+19g overhead)

  ✓ SparkSession successfully configured and initialized as 'spark'.

================================================================================
  VERIFYING AND INSTALLING PYTHON ENVIRONMENT PACKAGES
================================================================================
  ✓ numpy           - Already installed on driver and executors (skipping)
  ✓ ogb             - Already installed on driver and executors (skipping)
  ✓ igraph          - Already installed on driver and executors (skipping)
  ✓ leidenalg       - Already installed on driver and executors (skipping)
  ✓ scikit-learn    - Already installed on driver and executors (skipping)
  ✓ torch           - Already installed on driver and executors (skipping)
  ✓ boto3           - Already installed on driver and executors (skipping)
  ✓ xlsxwriter      - Already installed on driver and executors (skipping)
  ✓ openpyxl        - Already installed on driver and executors (skipping)
  ✓ matplotlib      - Already installed on driver and executors (skipping)
  ✓ seaborn         - Already installed on driver and executors (skipping)
  ✓ torch-geometric - Already installed on driver and executors (skipping)
  ✓ pyarrow         - Already installed on driver and executors (skipping)
  ✓ dgl==1.1.3      - Already installed on driver and executors (skipping)

  ✓ ALL PIPELINE DEPENDENCIES VERIFIED AND READY.

================================================================================
  BOOTSTRAPPING EXPERIMENT CODE AND STAGE UTILITIES
================================================================================
  ► LOADING PIPELINE AND CONFIG FROM LOCAL PATHS...
    ✓ Packed local pipeline folder to /tmp/pipeline.zip and copied to /tmp/pipeline
  ✓ Registered pipeline.zip package on Spark Context

  Run Profile: ogbn-arxiv
  └─ Datasets: ['ogbn-arxiv']
  └─ Algorithms: ['lpa', 'louvain']
  └─ GNN Architecture: GCN (epochs=10, lr=0.01, hidden=256)
  └─ Global Mapping: True | Boundary Expansion: True
  └─ Ingestion Phase (Phase 0): True

============================================================
  PHASE 0 — Ingesting: ogbn-arxiv
============================================================
  Saving original (directed) graph: 169,343 nodes | 1,166,243 edges ...
  Feature dimension: 128 | Ingesting in chunks of 7,812 nodes...
  Original nodes written → s3://us-east-1-s3-gnn/delta-data/ogbn-arxiv/original_nodes/
  Original edges written → s3://us-east-1-s3-gnn/delta-data/ogbn-arxiv/original_edges/
  Nodes: 169,343 | Edges (both dirs): 2,315,598
  Nodes written.
  Edges written.
  Masks written.
  Compacting Delta tables (running OPTIMIZE & VACUUM) for ogbn-arxiv...
    ✓ Compacted & Cleaned: s3://us-east-1-s3-gnn/delta-data/ogbn-arxiv/original_nodes/ (24.2s)
    ✓ Compacted & Cleaned: s3://us-east-1-s3-gnn/delta-data/ogbn-arxiv/original_edges/ (8.5s)
    ✓ Compacted & Cleaned: s3://us-east-1-s3-gnn/delta-data/ogbn-arxiv/nodes/ (16.3s)
    ✓ Compacted & Cleaned: s3://us-east-1-s3-gnn/delta-data/ogbn-arxiv/edges/ (6.9s)
    ✓ Compacted & Cleaned: s3://us-east-1-s3-gnn/delta-data/ogbn-arxiv/masks/ (6.9s)
  ✓ ogbn-arxiv ingested in 227.1s

============================================================
  PHASE 1 — Community Detection: ogbn-arxiv
============================================================
  Graph loaded: 169,343 nodes | 2,315,598 edges  [3.8s]

  ── [LPA] ──────────────────────────────
    Iter 1/5: 55,605 comms  [5.9s]
    Iter 2/5: 26,756 comms  [2.7s]
    Iter 3/5: 17,786 comms  [2.8s]
    Iter 4/5: 12,944 comms  [4.6s]
    Iter 5/5: 10,376 comms  [14.4s]
  ✓ [lpa] 10,376 communities | NMI=0.3878 | 38.4s

  ── [LOUVAIN] ──────────────────────────────
  Collecting edges to driver ...
  Mapping node IDs using vectorized binary search ...
  Building igraph (169,343 nodes) ...
  Running louvain (resolution=1.0) ...
  ✓ [louvain] 141 communities | NMI=0.3952 | 9.0s

======================================================================
  PHASE 1 SUMMARY
======================================================================

  Dataset: ogbn-arxiv
  Algorithm        #Comms      NMI    Runtime
  ------------ ---------- -------- ----------
  lpa              10,376   0.3878      38.4s
  louvain             141   0.3952       9.0s

  [lpa] Community assignment details:
    Vertices assigned: 169,343 / 169,343 (100.0% coverage)
    Total communities: 10,376 | Valid (≥100): 219
    Size stats: min=1  max=25,948  avg=16.3  median=3
    Size buckets: 1-9:8,176 | 10-99:1,981 | 100-999:211 | 1K-9999:7 | 10K+:1
    Top-10 largest: c166425=25,948, c169341=3,790, c169338=2,929, c169335=2,158, c168847=1,730, c155234=1,525, c166397=1,355, c161678=1,174, c167239=993, c169312=937

  [louvain] Community assignment details:
    Vertices assigned: 169,343 / 169,343 (100.0% coverage)
    Total communities: 141 | Valid (≥100): 38
    Size stats: min=3  max=17,896  avg=1201.0  median=15
    Size buckets: 1-9:46 | 10-99:57 | 100-999:12 | 1K-9999:21 | 10K+:5
    Top-10 largest: c16=17,896, c19=15,418, c1=15,333, c10=13,396, c4=11,263, c13=8,738, c3=8,133, c15=8,035, c5=7,931, c2=6,660

============================================================
  PHASE 2 — Partitioning: ogbn-arxiv
============================================================

  ── [LPA]  tag=ogbn-arxiv_ogbn-arxiv_lpa ──
  Raw=10,376  Valid(≥100)=219  min=100  max=25,948  avg=420.9
  Edges kept: 2,315,598 (100.0%)  Boundary nodes: 0  Internal: 169,343
  Shuffle overhead (groupBy community_id): 3.1s
  ✓ [lpa] Phase 2 done in 24.0s

  ── [LOUVAIN]  tag=ogbn-arxiv_ogbn-arxiv_louvain ──
  Raw=141  Valid(≥100)=38  min=114  max=17,896  avg=4417.7
  Edges kept: 2,315,598 (100.0%)  Boundary nodes: 0  Internal: 169,343
  Shuffle overhead (groupBy community_id): 2.8s
  ✓ [louvain] Phase 2 done in 21.4s

============================================================
  PHASE 3 — GNN Training: ogbn-arxiv / lpa / sage
  tag=ogbn-arxiv_ogbn-arxiv_lpa
============================================================
  Training DF: 537,478 rows | 220 communities
  ✓ Mean comm acc = 0.5595
  ✓ Weighted comm acc = 0.5173
  ✓ Mean comm link AUC = 0.7389
  ✓ Weighted comm link AUC = 0.6883
  ✓ Wall time: 155.1s
    - Avg Load time: 0.02s | Max: 0.85s
    - Avg Node Train: 0.96s | Max: 34.09s
    - Avg Link Train: 1.98s | Max: 57.66s
    ✓ Saved S3 checkpoint: s3://us-east-1-s3-gnn/gnn-bench-checkpoint/phase3/ogbn-arxiv/ogbn-arxiv_lpa_sage.parquet

============================================================
  PHASE 3 — GNN Training: ogbn-arxiv / lpa / gatv2
  tag=ogbn-arxiv_ogbn-arxiv_lpa
============================================================
  Training DF: 537,478 rows | 220 communities
  ✓ Mean comm acc = 0.5569
  ✓ Weighted comm acc = 0.5119
  ✓ Mean comm link AUC = 0.7438
  ✓ Weighted comm link AUC = 0.7057
  ✓ Wall time: 145.9s
    - Avg Load time: 0.02s | Max: 0.76s
    - Avg Node Train: 0.95s | Max: 33.92s
    - Avg Link Train: 1.93s | Max: 57.66s
    ✓ Saved S3 checkpoint: s3://us-east-1-s3-gnn/gnn-bench-checkpoint/phase3/ogbn-arxiv/ogbn-arxiv_lpa_gatv2.parquet

============================================================
  PHASE 3 — GNN Training: ogbn-arxiv / louvain / sage
  tag=ogbn-arxiv_ogbn-arxiv_louvain
============================================================
  Training DF: 341,969 rows | 39 communities
  ✓ Mean comm acc = 0.4408
  ✓ Weighted comm acc = 0.5113
  ✓ Mean comm link AUC = 0.6703
  ✓ Weighted comm link AUC = 0.7117
  ✓ Wall time: 76.7s
    - Avg Load time: 0.07s | Max: 0.45s
    - Avg Node Train: 3.63s | Max: 19.10s
    - Avg Link Train: 9.62s | Max: 39.65s
    ✓ Saved S3 checkpoint: s3://us-east-1-s3-gnn/gnn-bench-checkpoint/phase3/ogbn-arxiv/ogbn-arxiv_louvain_sage.parquet

============================================================
  PHASE 3 — GNN Training: ogbn-arxiv / louvain / gatv2
  tag=ogbn-arxiv_ogbn-arxiv_louvain
============================================================
  Training DF: 341,969 rows | 39 communities
  ✓ Mean comm acc = 0.4521
  ✓ Weighted comm acc = 0.5173
  ✓ Mean comm link AUC = 0.6790
  ✓ Weighted comm link AUC = 0.7101
  ✓ Wall time: 64.9s
    - Avg Load time: 0.08s | Max: 0.44s
    - Avg Node Train: 2.58s | Max: 14.70s
    - Avg Link Train: 9.46s | Max: 40.19s
    ✓ Saved S3 checkpoint: s3://us-east-1-s3-gnn/gnn-bench-checkpoint/phase3/ogbn-arxiv/ogbn-arxiv_louvain_gatv2.parquet

[PHASE 3b] - Parallel GNN Training with CaaN Global Graph
  Dataset: ogbn-arxiv | Algorithm: lpa
    - Major communities (>= 100): 219
    - Minor communities (< 100): 10157

============================================================
  PHASE 3b — GNN Training (CaaN): ogbn-arxiv / lpa / sage
  tag=ogbn-arxiv_ogbn-arxiv_lpa
============================================================
  ✓ Mean CaaN comm acc = 0.5388
  ✓ Weighted CaaN comm acc = 0.4049
  ✓ Wall time: 28.4s
    ✓ Saved S3 checkpoint: s3://us-east-1-s3-gnn/gnn-bench-checkpoint/phase3b/ogbn-arxiv/ogbn-arxiv_lpa_sage.parquet

============================================================
  PHASE 3b — GNN Training (CaaN): ogbn-arxiv / lpa / gatv2
  tag=ogbn-arxiv_ogbn-arxiv_lpa
============================================================
  ✓ Mean CaaN comm acc = 0.5563
  ✓ Weighted CaaN comm acc = 0.4211
  ✓ Wall time: 25.3s
    ✓ Saved S3 checkpoint: s3://us-east-1-s3-gnn/gnn-bench-checkpoint/phase3b/ogbn-arxiv/ogbn-arxiv_lpa_gatv2.parquet
  Dataset: ogbn-arxiv | Algorithm: louvain
    - Major communities (>= 100): 38
    - Minor communities (< 100): 103

============================================================
  PHASE 3b — GNN Training (CaaN): ogbn-arxiv / louvain / sage
  tag=ogbn-arxiv_ogbn-arxiv_louvain
============================================================
  ✓ Mean CaaN comm acc = 0.4905
  ✓ Weighted CaaN comm acc = 0.5277
  ✓ Wall time: 13.4s
    ✓ Saved S3 checkpoint: s3://us-east-1-s3-gnn/gnn-bench-checkpoint/phase3b/ogbn-arxiv/ogbn-arxiv_louvain_sage.parquet

============================================================
  PHASE 3b — GNN Training (CaaN): ogbn-arxiv / louvain / gatv2
  tag=ogbn-arxiv_ogbn-arxiv_louvain
============================================================
  ✓ Mean CaaN comm acc = 0.4903
  ✓ Weighted CaaN comm acc = 0.5248
  ✓ Wall time: 12.3s
    ✓ Saved S3 checkpoint: s3://us-east-1-s3-gnn/gnn-bench-checkpoint/phase3b/ogbn-arxiv/ogbn-arxiv_louvain_gatv2.parquet

============================================================
  PHASE 4 — GraphSAGE Baseline: ogbn-arxiv
============================================================
  epochs=15
  Loaded in 6.6s

  ── GraphSAGE Run 1/1 ──
    Run 1 — acc=0.5330  auc=0.4626
  ✓ [ogbn-arxiv] GraphSAGE Baseline  acc=0.5330±0.0000  auc=0.4626±0.0000  time=90.8s
    ✓ Saved baseline 4 checkpoint to S3.

============================================================
  PHASE 4b — DistDGL Baseline: ogbn-arxiv
============================================================
  epochs=15  batch=1024  fanout=[10, 10]
  Loaded in 6.0s
  Graph: 169,343 nodes | 2,484,941 edges
  Running DistDGL METIS graph partitioning...
  [Info] METIS partition simulated due to local runner constraints: DistDGL METIS partitioning subprocess exited with code 2. Error: /usr/bin/python3: can't open file '/tmp/pipeline/phases/distdgl_partition_runner.py': [Errno 2] No such file or directory

  Bootstrapping distributed DistGraph environment...
  ✓ Distributed environment setup in 5.00s
/mnt1/tmp/.local/lib/python3.9/site-packages/dgl/dataloading/dataloader.py:1149: DGLWarning: Dataloader CPU affinity opt is not enabled, consider switching it on (see enable_cpu_affinity() or CPU best practices for DGL [https://docs.dgl.ai/tutorials/cpu/cpu_best_practises.html])
  dgl_warning(
  Node Baseline Epoch  15/15  loss=1.2244
  Link Baseline Epoch  15/15  loss=0.6789
  ✓ [ogbn-arxiv] DistDGL Baseline node_acc=0.6526  link_auc=0.6660  time=98.5s (part=2.0s, boot=5.0s, node=59.0s, link=32.5s)  mem=8.90GB
    ✓ Saved baseline 4b checkpoint to S3.

[PHASE 4c] - ARMA Full-Graph Global Baseline (PyG)

============================================================
  PHASE 4c — ARMA Baseline: ogbn-arxiv
============================================================
  epochs=15
  Loaded in 6.0s

  ── ARMA Run 1/1 ──
    Run 1 — acc=0.5439  auc=0.8299
  ✓ [ogbn-arxiv] ARMA Baseline  acc=0.5439±0.0000  auc=0.8299±0.0000  time=348.3s
    ✓ Saved baseline 4c checkpoint to S3.

[PHASE 4d] - ASAP Full-Graph Global Baseline (PyG)

============================================================
  PHASE 4d — ASAP Baseline: ogbn-arxiv
============================================================
  epochs=15
  Loaded in 6.4s

  ── ASAP Run 1/1 ──
    Run 1 — acc=0.2857  auc=0.8088
  ✓ [ogbn-arxiv] ASAP Baseline  acc=0.2857±0.0000  auc=0.8088±0.0000  time=166.7s
    ✓ Saved baseline 4d checkpoint to S3.

[PHASE 4h] - GATv2 Full-Graph Global Baseline (PyG)

============================================================
  PHASE 4h — GATv2 Baseline: ogbn-arxiv
============================================================
  epochs=15
  Loaded in 5.7s

  ── GATv2 Run 1/1 ──
    Run 1 — acc=0.5308  auc=0.8201
  ✓ [ogbn-arxiv] GATv2 Baseline  acc=0.5308±0.0000  auc=0.8201±0.0000  time=94.2s
    ✓ Saved baseline 4h checkpoint to S3.

[PHASE 5] - Metrics Analysis, Visualizations, and Excel S3 Export

===============================================================================================
  PHASE 5A — PERFORMANCE COMPARISON (NODE ACCURACY & LINK AUC)
===============================================================================================

  Dataset: ogbn-arxiv
  _Algorithm           Node Acc   Comm Acc    Bnd Acc    Int Acc     Link AUC
  ---------------------------------------------------------------------------
  lpa-sage               0.5173     0.5595     0.0000     0.5595       0.6883
  lpa-sage-caan          0.4049     0.5388     0.0000     0.5388       0.5000
  lpa-gatv2              0.5119     0.5569     0.0000     0.5569       0.7057
  lpa-gatv2-caan         0.4211     0.5563     0.0000     0.5563       0.5000
  louvain-sage           0.5113     0.4408     0.0000     0.4408       0.7117
  louvain-sage-caan      0.5277     0.4905     0.0000     0.4905       0.5000
  louvain-gatv2          0.5173     0.4521     0.0000     0.4521       0.7101
  louvain-gatv2-caan     0.5248     0.4903     0.0000     0.4903       0.5000
  SAGE-BL                0.5330          —          —          —       0.4626
  DISTDGL                0.6526          —          —          —       0.6660
  ARMA-BL                0.5439          —          —          —       0.8299
  ASAP-BL                0.2857          —          —          —       0.8088
  GATv2-BL               0.5308          —          —          —       0.8201

  [ogbn-arxiv] Performance by community size bucket:
    lpa-sage:
      large   : n=220  acc=0.5595  auc=0.7389
    lpa-sage-caan:
      small   : n=1  acc=0.1084  auc=0.5000
      medium  : n=125  acc=0.5337  auc=0.5000
      large   : n=94  acc=0.5500  auc=0.5000
    lpa-gatv2:
      large   : n=220  acc=0.5569  auc=0.7438
    lpa-gatv2-caan:
      small   : n=1  acc=0.1114  auc=0.5000
      medium  : n=125  acc=0.5388  auc=0.5000
      large   : n=94  acc=0.5842  auc=0.5000
    louvain-sage:
      medium  : n=3  acc=0.1333  auc=0.6445
      large   : n=36  acc=0.4665  auc=0.6725
    louvain-sage-caan:
      small   : n=1  acc=0.1179  auc=0.5000
      medium  : n=3  acc=0.3000  auc=0.5000
      large   : n=35  acc=0.5175  auc=0.5000
    louvain-gatv2:
      medium  : n=3  acc=0.1333  auc=0.6968
      large   : n=36  acc=0.4787  auc=0.6775
    louvain-gatv2-caan:
      small   : n=1  acc=0.0718  auc=0.5000
      medium  : n=3  acc=0.2000  auc=0.5000
      large   : n=35  acc=0.5271  auc=0.5000

================================================================================
  PHASE 5B — TIMING COMPARISON
================================================================================

  Dataset: ogbn-arxiv
  Algorithm             Phase1    Phase2    Phase3   Phase3b     Total
  --------------------------------------------------------------------
  lpa-sage               38.4s     24.0s    155.1s     28.4s    245.9s
  lpa-gatv2              38.4s     24.0s    145.9s     25.3s    233.6s
  louvain-sage            9.0s     21.4s     76.7s     13.4s    120.5s
  louvain-gatv2           9.0s     21.4s     64.9s     12.3s    107.6s
  BASELINE (SAGE)            —         —         —     90.8s (Node: 26.6s, Link: 64.2s)
  DISTDGL                    —         —         —     98.5s (Node: 59.0s, Link: 32.5s)
  ARMA                       —         —         —    348.3s (Node: 174.4s, Link: 173.9s)
  ASAP                       —         —         —    166.7s (Node: 72.9s, Link: 93.8s)
  GATv2-BL                   —         —         —     94.2s (Node: 49.7s, Link: 44.5s)
  XLSX → s3://us-east-1-s3-gnn/gnn-bench-out/ogbn-arxiv_results.xlsx
  Plot → s3://us-east-1-s3-gnn/gnn-bench-out/plots/ogbn-arxiv/ogbn-arxiv_acc_dist.png
  Plot → s3://us-east-1-s3-gnn/gnn-bench-out/plots/ogbn-arxiv/ogbn-arxiv_boundary_internal.png
  Plot → s3://us-east-1-s3-gnn/gnn-bench-out/plots/ogbn-arxiv/ogbn-arxiv_timing.png

================================================================================
  FINAL PIPELINE REPORT SUMMARY
================================================================================
╔══════════════════════════════════════════════════════════════╗
║  EXPERIMENT: ogbn-arxiv                                     ║
║  Global mapping: True                                        ║
╠══════════════════════════════════════════════════════════════╣
║   Dataset                        ogbn-arxiv                    ║
║   Phase 0 (ingest)               227.1s                        ║
║   Phase 1 [lpa]                  38.4s                         ║
║   Phase 2 [lpa]                  24.0s                         ║
║   Phase 3 [lpa-sage]             155.1s                        ║
║   Phase 3b [lpa-sage-caan]       28.4s                         ║
║   Phase 3 [lpa-gatv2]            145.9s                        ║
║   Phase 3b [lpa-gatv2-caan]      25.3s                         ║
║   Phase 1 [louvain]              9.0s                          ║
║   Phase 2 [louvain]              21.4s                         ║
║   Phase 3 [louvain-sage]         76.7s                         ║
║   Phase 3b [louvain-sage-caan]   13.4s                         ║
║   Phase 3 [louvain-gatv2]        64.9s                         ║
║   Phase 3b [louvain-gatv2-caan]  12.3s                         ║
║   Phase 4 (baseline)             90.8s                         ║
║   Phase 4b (DistDGL)             98.5s                         ║
║   Phase 4c (ARMA)                348.3s                        ║
║   Phase 4d (ASAP)                166.7s                        ║
║   Phase 4h (GATv2)               94.2s                         ║
╠══════════════════════════════════════════════════════════════╣
║   [lpa-sage] global acc          0.5173                        ║
║   [lpa-sage] boundary acc        0.0000                        ║
║   [lpa-sage] internal acc        0.5595                        ║
║   [lpa-sage] link AUC            0.6883                        ║
║   [lpa-sage-caan] global acc     0.4049                        ║
║   [lpa-sage-caan] boundary acc   0.0000                        ║
║   [lpa-sage-caan] internal acc   0.5388                        ║
║   [lpa-sage-caan] link AUC       0.5000                        ║
║   [lpa-gatv2] global acc         0.5119                        ║
║   [lpa-gatv2] boundary acc       0.0000                        ║
║   [lpa-gatv2] internal acc       0.5569                        ║
║   [lpa-gatv2] link AUC           0.7057                        ║
║   [lpa-gatv2-caan] global acc    0.4211                        ║
║   [lpa-gatv2-caan] boundary acc  0.0000                        ║
║   [lpa-gatv2-caan] internal acc  0.5563                        ║
║   [lpa-gatv2-caan] link AUC      0.5000                        ║
║   [lpa] communities              10,376 raw → 219 valid        ║
║   [louvain-sage] global acc      0.5113                        ║
║   [louvain-sage] boundary acc    0.0000                        ║
║   [louvain-sage] internal acc    0.4408                        ║
║   [louvain-sage] link AUC        0.7117                        ║
║   [louvain-sage-caan] global acc 0.5277                        ║
║   [louvain-sage-caan] boundary acc 0.0000                      ║
║   [louvain-sage-caan] internal acc 0.4905                      ║
║   [louvain-sage-caan] link AUC   0.5000                        ║
║   [louvain-gatv2] global acc     0.5173                        ║
║   [louvain-gatv2] boundary acc   0.0000                        ║
║   [louvain-gatv2] internal acc   0.4521                        ║
║   [louvain-gatv2] link AUC       0.7101                        ║
║   [louvain-gatv2-caan] global acc 0.5248                       ║
║   [louvain-gatv2-caan] boundary acc 0.0000                     ║
║   [louvain-gatv2-caan] internal acc 0.4903                     ║
║   [louvain-gatv2-caan] link AUC  0.5000                        ║
║   [louvain] communities          141 raw → 38 valid            ║
║   Baseline acc                   0.5330                        ║
║   Baseline link AUC              0.4626  (90.8s)               ║
║   DistDGL acc                    0.6526                        ║
║   DistDGL link AUC               0.6660  (98.5s)               ║
║   ARMA acc                       0.5439                        ║
║   ARMA link AUC                  0.8299  (348.3s)              ║
║   ASAP acc                       0.2857                        ║
║   ASAP link AUC                  0.8088  (166.7s)              ║
║   GATv2 acc                      0.5308                        ║
║   GATv2 link AUC                 0.8201  (94.2s)               ║
╚══════════════════════════════════════════════════════════════╝

[SUCCESS] EMR Driver execution completed in 1930.7 seconds.
================================================================================

