
  [Spark Auto-Scaler] Dataset: ogbn-arxiv | Physical Size: 11.77 MB | Scale: Small/Medium
  [Spark Auto-Scaler] Active YARN Workers: 2
  → Allocating 14 executors with 2 cores and 8g (+4g overhead) memory.
  → Driver memory: 74g (+19g overhead)

  ✓ SparkSession successfully configured and initialized as 'spark'.

================================================================================
  VERIFYING AND INSTALLING PYTHON ENVIRONMENT PACKAGES
================================================================================
  ✓ numpy           - Already installed on driver and executors (skipping)
  ✓ ogb             - Already installed on driver and executors (skipping)
  ✓ igraph          - Already installed on driver and executors (skipping)
  ✓ leidenalg       - Already installed on driver and executors (skipping)
  ✓ scikit-learn    - Already installed on driver and executors (skipping)
  ✓ torch           - Already installed on driver and executors (skipping)
  ✓ boto3           - Already installed on driver and executors (skipping)
  ✓ xlsxwriter      - Already installed on driver and executors (skipping)
  ✓ openpyxl        - Already installed on driver and executors (skipping)
  ✓ matplotlib      - Already installed on driver and executors (skipping)
  ✓ seaborn         - Already installed on driver and executors (skipping)
  ✓ torch-geometric - Already installed on driver and executors (skipping)
  ✓ pyarrow         - Already installed on driver and executors (skipping)
  ✓ dgl==1.1.3      - Already installed on driver and executors (skipping)

  ✓ ALL PIPELINE DEPENDENCIES VERIFIED AND READY.

================================================================================
  BOOTSTRAPPING EXPERIMENT CODE AND STAGE UTILITIES
================================================================================
  ► LOADING PIPELINE AND CONFIG FROM LOCAL PATHS...
    ✓ Packed local pipeline folder to /tmp/pipeline.zip and copied to /tmp/pipeline
  ✓ Registered pipeline.zip package on Spark Context

  Run Profile: ogbn-arxiv
  └─ Datasets: ['ogbn-arxiv']
  └─ Algorithms: ['lpa', 'louvain']
  └─ GNN Architecture: GCN (epochs=10, lr=0.01, hidden=256)
  └─ Global Mapping: True | Boundary Expansion: True
  └─ Ingestion Phase (Phase 0): True

============================================================
  PHASE 0 — Ingesting: ogbn-arxiv
============================================================
  Saving original (directed) graph: 169,343 nodes | 1,166,243 edges ...
  Feature dimension: 128 | Ingesting in chunks of 7,812 nodes...
  Original nodes written → s3://us-east-1-s3-gnn/delta-data/ogbn-arxiv/original_nodes/
  Original edges written → s3://us-east-1-s3-gnn/delta-data/ogbn-arxiv/original_edges/
  Nodes: 169,343 | Edges (both dirs): 2,315,598
  Nodes written.
  Edges written.
  Masks written.
  Compacting Delta tables (running OPTIMIZE & VACUUM) for ogbn-arxiv...
    ✓ Compacted & Cleaned: s3://us-east-1-s3-gnn/delta-data/ogbn-arxiv/original_nodes/ (23.8s)
    ✓ Compacted & Cleaned: s3://us-east-1-s3-gnn/delta-data/ogbn-arxiv/original_edges/ (8.4s)
    ✓ Compacted & Cleaned: s3://us-east-1-s3-gnn/delta-data/ogbn-arxiv/nodes/ (16.1s)
    ✓ Compacted & Cleaned: s3://us-east-1-s3-gnn/delta-data/ogbn-arxiv/edges/ (6.6s)
    ✓ Compacted & Cleaned: s3://us-east-1-s3-gnn/delta-data/ogbn-arxiv/masks/ (6.6s)
  ✓ ogbn-arxiv ingested in 225.6s

============================================================
  PHASE 1 — Community Detection: ogbn-arxiv
============================================================
  Graph loaded: 169,343 nodes | 2,315,598 edges  [3.2s]

  ── [LPA] ──────────────────────────────
    Iter 1/5: 55,605 comms  [5.8s]
    Iter 2/5: 26,756 comms  [2.8s]
    Iter 3/5: 17,786 comms  [2.9s]
    Iter 4/5: 12,944 comms  [4.8s]
    Iter 5/5: 10,376 comms  [14.2s]
  ✓ [lpa] 10,376 communities | NMI=0.3878 | 37.4s

  ── [LOUVAIN] ──────────────────────────────
  Collecting edges to driver ...
  Mapping node IDs using vectorized binary search ...
  Building igraph (169,343 nodes) ...
  Running louvain (resolution=1.0) ...
  ✓ [louvain] 184 communities | NMI=0.3994 | 13.7s

======================================================================
  PHASE 1 SUMMARY
======================================================================

  Dataset: ogbn-arxiv
  Algorithm        #Comms      NMI    Runtime
  ------------ ---------- -------- ----------
  lpa              10,376   0.3878      37.4s
  louvain             184   0.3994      13.7s

  [lpa] Community assignment details:
    Vertices assigned: 169,343 / 169,343 (100.0% coverage)
    Total communities: 10,376 | Valid (≥100): 219
    Size stats: min=1  max=25,948  avg=16.3  median=3
    Size buckets: 1-9:8,176 | 10-99:1,981 | 100-999:211 | 1K-9999:7 | 10K+:1
    Top-10 largest: c166425=25,948, c169341=3,790, c169338=2,929, c169335=2,158, c168847=1,730, c155234=1,525, c166397=1,355, c161678=1,174, c167239=993, c169312=937

  [louvain] Community assignment details:
    Vertices assigned: 169,343 / 169,343 (100.0% coverage)
    Total communities: 184 | Valid (≥100): 37
    Size stats: min=3  max=18,182  avg=920.3  median=13
    Size buckets: 1-9:72 | 10-99:75 | 100-999:12 | 1K-9999:19 | 10K+:6
    Top-10 largest: c23=18,182, c10=17,386, c1=16,481, c11=14,285, c5=11,781, c4=10,464, c15=8,840, c0=8,405, c2=7,041, c16=5,902

============================================================
  PHASE 2 — Partitioning: ogbn-arxiv
============================================================

  ── [LPA]  tag=ogbn-arxiv_ogbn-arxiv_lpa ──
  Raw=10,376  Valid(≥100)=219  min=100  max=25,948  avg=420.9
  Edges kept: 2,315,598 (100.0%)  Boundary nodes: 0  Internal: 169,343
  Shuffle overhead (groupBy community_id): 3.1s
  ✓ [lpa] Phase 2 done in 22.9s

  ── [LOUVAIN]  tag=ogbn-arxiv_ogbn-arxiv_louvain ──
  Raw=184  Valid(≥100)=37  min=113  max=18,182  avg=4523.8
  Edges kept: 2,315,598 (100.0%)  Boundary nodes: 0  Internal: 169,343
  Shuffle overhead (groupBy community_id): 2.6s
  ✓ [louvain] Phase 2 done in 20.2s

============================================================
  PHASE 3 — GNN Training: ogbn-arxiv / lpa / sage
  tag=ogbn-arxiv_ogbn-arxiv_lpa
============================================================
  [Driver Warmstart] Extracting largest community for driver-side pre-training...
  ✓ Driver-side base model trained successfully on Comm -1 (125,912 nodes).
  Training DF: 537,478 rows | 220 communities binned into 5 executor tasks
  ✓ Mean comm acc = 0.4629
  ✓ Weighted comm acc = 0.4829
  ✓ Mean comm link AUC = 0.7179
  ✓ Weighted comm link AUC = 0.6907
  ✓ Wall time: 104.8s
    - Avg Load time: 0.01s | Max: 0.47s
    - Avg Node Train: 0.38s | Max: 25.40s
    - Avg Link Train: 0.49s | Max: 21.31s
    ✓ Saved S3 checkpoint: s3://us-east-1-s3-gnn/gnn-bench-checkpoint/phase3/ogbn-arxiv/ogbn-arxiv_lpa_sage.parquet

============================================================
  PHASE 3 — GNN Training: ogbn-arxiv / lpa / gatv2
  tag=ogbn-arxiv_ogbn-arxiv_lpa
============================================================
  [Driver Warmstart] Extracting largest community for driver-side pre-training...
  ✓ Driver-side base model trained successfully on Comm -1 (125,912 nodes).
  Training DF: 537,478 rows | 220 communities binned into 5 executor tasks
  ✓ Mean comm acc = 0.5630
  ✓ Weighted comm acc = 0.5128
  ✓ Mean comm link AUC = 0.7386
  ✓ Weighted comm link AUC = 0.6964
  ✓ Wall time: 265.8s
    - Avg Load time: 0.01s | Max: 0.47s
    - Avg Node Train: 1.16s | Max: 80.71s
    - Avg Link Train: 1.45s | Max: 58.69s
    ✓ Saved S3 checkpoint: s3://us-east-1-s3-gnn/gnn-bench-checkpoint/phase3/ogbn-arxiv/ogbn-arxiv_lpa_gatv2.parquet

============================================================
  PHASE 3 — GNN Training: ogbn-arxiv / louvain / sage
  tag=ogbn-arxiv_ogbn-arxiv_louvain
============================================================
  [Driver Warmstart] Extracting largest community for driver-side pre-training...
  ✓ Driver-side base model trained successfully on Comm 23 (42,168 nodes).
  Training DF: 336,594 rows | 38 communities binned into 1 executor tasks
  ✓ Mean comm acc = 0.3381
  ✓ Weighted comm acc = 0.4441
  ✓ Mean comm link AUC = 0.6612
  ✓ Weighted comm link AUC = 0.7053
  ✓ Wall time: 155.6s
    - Avg Load time: 0.04s | Max: 0.20s
    - Avg Node Train: 0.99s | Max: 5.42s
    - Avg Link Train: 2.27s | Max: 9.77s
    ✓ Saved S3 checkpoint: s3://us-east-1-s3-gnn/gnn-bench-checkpoint/phase3/ogbn-arxiv/ogbn-arxiv_louvain_sage.parquet

============================================================
  PHASE 3 — GNN Training: ogbn-arxiv / louvain / gatv2
  tag=ogbn-arxiv_ogbn-arxiv_louvain
============================================================
  [Driver Warmstart] Extracting largest community for driver-side pre-training...
  ✓ Driver-side base model trained successfully on Comm 23 (42,168 nodes).
  Training DF: 336,594 rows | 38 communities binned into 1 executor tasks
  ✓ Mean comm acc = 0.4382
  ✓ Weighted comm acc = 0.5011
  ✓ Mean comm link AUC = 0.6767
  ✓ Weighted comm link AUC = 0.7199
  ✓ Wall time: 462.9s
    - Avg Load time: 0.04s | Max: 0.20s
    - Avg Node Train: 3.30s | Max: 20.88s
    - Avg Link Train: 7.64s | Max: 31.65s
    ✓ Saved S3 checkpoint: s3://us-east-1-s3-gnn/gnn-bench-checkpoint/phase3/ogbn-arxiv/ogbn-arxiv_louvain_gatv2.parquet

[PHASE 3b] - Parallel GNN Training with CaaN Global Graph
  Dataset: ogbn-arxiv | Algorithm: lpa
    - Major communities (>= 100): 219
    - Minor communities (< 100): 10157

============================================================
  PHASE 3b — GNN Training (CaaN): ogbn-arxiv / lpa / sage
  tag=ogbn-arxiv_ogbn-arxiv_lpa
============================================================
  [Driver Warmstart] Extracting largest community for driver-side pre-training...
  ✓ Driver-side base model trained successfully on Comm 166425 (25,948 nodes).
  ✓ Mean CaaN comm acc = 0.1921
  ✓ Weighted CaaN comm acc = 0.3176
  ✓ Wall time: 39.4s
    ✓ Saved S3 checkpoint: s3://us-east-1-s3-gnn/gnn-bench-checkpoint/phase3b/ogbn-arxiv/ogbn-arxiv_lpa_sage.parquet

============================================================
  PHASE 3b — GNN Training (CaaN): ogbn-arxiv / lpa / gatv2
  tag=ogbn-arxiv_ogbn-arxiv_lpa
============================================================
  [Driver Warmstart] Extracting largest community for driver-side pre-training...
  ✓ Driver-side base model trained successfully on Comm 166425 (25,948 nodes).
  ✓ Mean CaaN comm acc = 0.5636
  ✓ Weighted CaaN comm acc = 0.4118
  ✓ Wall time: 58.2s
    ✓ Saved S3 checkpoint: s3://us-east-1-s3-gnn/gnn-bench-checkpoint/phase3b/ogbn-arxiv/ogbn-arxiv_lpa_gatv2.parquet
  Dataset: ogbn-arxiv | Algorithm: louvain
    - Major communities (>= 100): 37
    - Minor communities (< 100): 147

============================================================
  PHASE 3b — GNN Training (CaaN): ogbn-arxiv / louvain / sage
  tag=ogbn-arxiv_ogbn-arxiv_louvain
============================================================
  [Driver Warmstart] Extracting largest community for driver-side pre-training...
  ✓ Driver-side base model trained successfully on Comm 23 (18,182 nodes).
  ✓ Mean CaaN comm acc = 0.3559
  ✓ Weighted CaaN comm acc = 0.4556
  ✓ Wall time: 43.2s
    ✓ Saved S3 checkpoint: s3://us-east-1-s3-gnn/gnn-bench-checkpoint/phase3b/ogbn-arxiv/ogbn-arxiv_louvain_sage.parquet

============================================================
  PHASE 3b — GNN Training (CaaN): ogbn-arxiv / louvain / gatv2
  tag=ogbn-arxiv_ogbn-arxiv_louvain
============================================================
  [Driver Warmstart] Extracting largest community for driver-side pre-training...
  ✓ Driver-side base model trained successfully on Comm 23 (18,182 nodes).
  ✓ Mean CaaN comm acc = 0.4551
  ✓ Weighted CaaN comm acc = 0.5170
  ✓ Wall time: 78.4s
    ✓ Saved S3 checkpoint: s3://us-east-1-s3-gnn/gnn-bench-checkpoint/phase3b/ogbn-arxiv/ogbn-arxiv_louvain_gatv2.parquet

============================================================
  PHASE 4 — GraphSAGE Baseline: ogbn-arxiv
============================================================
  epochs=10
  Loaded in 6.2s

  ── GraphSAGE Run 1/1 ──
    Run 1 — acc=0.4674  auc=0.5105
  ✓ [ogbn-arxiv] GraphSAGE Baseline  acc=0.4674±0.0000  auc=0.5105±0.0000  time=61.0s
    ✓ Saved baseline 4 checkpoint to S3.

============================================================
  PHASE 4b — DistDGL Baseline: ogbn-arxiv
============================================================
  epochs=10  batch=1024  fanout=[10, 10]
  Loaded in 6.1s
  Graph: 169,343 nodes | 2,484,941 edges
  Running DistDGL METIS graph partitioning...
  [Info] METIS partition simulated due to local runner constraints: DistDGL METIS partitioning subprocess exited with code 2. Error: /usr/bin/python3: can't open file '/tmp/pipeline/phases/distdgl_partition_runner.py': [Errno 2] No such file or directory

  Bootstrapping distributed DistGraph environment...
  ✓ Distributed environment setup in 5.00s
/mnt1/tmp/.local/lib/python3.9/site-packages/dgl/dataloading/dataloader.py:1149: DGLWarning: Dataloader CPU affinity opt is not enabled, consider switching it on (see enable_cpu_affinity() or CPU best practices for DGL [https://docs.dgl.ai/tutorials/cpu/cpu_best_practises.html])
  dgl_warning(
  Node Baseline Epoch  10/10  loss=1.2282
  Link Baseline Epoch  10/10  loss=0.6921
  ✓ [ogbn-arxiv] DistDGL Baseline node_acc=0.6459  link_auc=0.4574  time=68.3s (part=2.0s, boot=5.0s, node=38.7s, link=22.6s)  mem=9.16GB
    ✓ Saved baseline 4b checkpoint to S3.

[PHASE 4c] - ARMA Full-Graph Global Baseline (PyG)

============================================================
  PHASE 4c — ARMA Baseline: ogbn-arxiv
============================================================
  epochs=10
  Loaded in 6.6s

  ── ARMA Run 1/1 ──
    Run 1 — acc=0.4710  auc=0.8270
  ✓ [ogbn-arxiv] ARMA Baseline  acc=0.4710±0.0000  auc=0.8270±0.0000  time=233.0s
    ✓ Saved baseline 4c checkpoint to S3.

[PHASE 4d] - ASAP Full-Graph Global Baseline (PyG)

============================================================
  PHASE 4d — ASAP Baseline: ogbn-arxiv
============================================================
  epochs=10
  Loaded in 5.9s

  ── ASAP Run 1/1 ──
    Run 1 — acc=0.3009  auc=0.8113
  ✓ [ogbn-arxiv] ASAP Baseline  acc=0.3009±0.0000  auc=0.8113±0.0000  time=112.6s
    ✓ Saved baseline 4d checkpoint to S3.

[PHASE 4h] - GATv2 Full-Graph Global Baseline (PyG)

============================================================
  PHASE 4h — GATv2 Baseline: ogbn-arxiv
============================================================
  epochs=10
  Loaded in 5.8s

  ── GATv2 Run 1/1 ──
    Run 1 — acc=0.5201  auc=0.8382
  ✓ [ogbn-arxiv] GATv2 Baseline  acc=0.5201±0.0000  auc=0.8382±0.0000  time=62.8s
    ✓ Saved baseline 4h checkpoint to S3.

[PHASE 5] - Metrics Analysis, Visualizations, and Excel S3 Export

===============================================================================================
  PHASE 5A — PERFORMANCE COMPARISON (NODE ACCURACY & LINK AUC)
===============================================================================================

  Dataset: ogbn-arxiv
  _Algorithm           Node Acc   Comm Acc    Bnd Acc    Int Acc     Link AUC
  ---------------------------------------------------------------------------
  lpa-sage               0.4829     0.4629     0.0000     0.4629       0.6907
  lpa-sage-caan          0.3176     0.1921     0.0000     0.1921       0.5000
  lpa-gatv2              0.5128     0.5630     0.0000     0.5630       0.6964
  lpa-gatv2-caan         0.4118     0.5636     0.0000     0.5636       0.5000
  louvain-sage           0.4441     0.3381     0.0000     0.3381       0.7053
  louvain-sage-caan      0.4556     0.3559     0.0000     0.3559       0.5000
  louvain-gatv2          0.5011     0.4382     0.0000     0.4382       0.7199
  louvain-gatv2-caan     0.5170     0.4551     0.0000     0.4551       0.5000
  SAGE-BL                0.4674          —          —          —       0.5105
  DISTDGL                0.6459          —          —          —       0.4574
  ARMA-BL                0.4710          —          —          —       0.8270
  ASAP-BL                0.3009          —          —          —       0.8113
  GATv2-BL               0.5201          —          —          —       0.8382

  [ogbn-arxiv] Performance by community size bucket:
    lpa-sage:
      large   : n=220  acc=0.4629  auc=0.7179
    lpa-sage-caan:
      small   : n=1  acc=0.2103  auc=0.5000
      medium  : n=125  acc=0.1554  auc=0.5000
      large   : n=94  acc=0.2408  auc=0.5000
    lpa-gatv2:
      large   : n=220  acc=0.5630  auc=0.7386
    lpa-gatv2-caan:
      small   : n=1  acc=0.1248  auc=0.5000
      medium  : n=125  acc=0.5502  auc=0.5000
      large   : n=94  acc=0.5861  auc=0.5000
    louvain-sage:
      medium  : n=2  acc=0.0000  auc=0.5506
      large   : n=36  acc=0.3569  auc=0.6673
    louvain-sage-caan:
      small   : n=1  acc=0.0447  auc=0.5000
      medium  : n=2  acc=0.0000  auc=0.5000
      large   : n=35  acc=0.3852  auc=0.5000
    louvain-gatv2:
      medium  : n=2  acc=0.0909  auc=0.6307
      large   : n=36  acc=0.4575  auc=0.6793
    louvain-gatv2-caan:
      small   : n=1  acc=0.0790  auc=0.5000
      medium  : n=2  acc=0.1579  auc=0.5000
      large   : n=35  acc=0.4829  auc=0.5000

================================================================================
  PHASE 5B — TIMING COMPARISON
================================================================================

  Dataset: ogbn-arxiv
  Algorithm             Phase1    Phase2    Phase3   Phase3b     Total
  --------------------------------------------------------------------
  lpa-sage               37.4s     22.9s    104.8s     39.4s    204.6s
  lpa-gatv2              37.4s     22.9s    265.8s     58.2s    384.3s
  louvain-sage           13.7s     20.2s    155.6s     43.2s    232.6s
  louvain-gatv2          13.7s     20.2s    462.9s     78.4s    575.2s
  BASELINE (SAGE)            —         —         —     61.0s (Node: 17.6s, Link: 43.4s)
  DISTDGL                    —         —         —     68.3s (Node: 38.7s, Link: 22.6s)
  ARMA                       —         —         —    233.0s (Node: 115.3s, Link: 117.7s)
  ASAP                       —         —         —    112.6s (Node: 48.3s, Link: 64.3s)
  GATv2-BL                   —         —         —     62.8s (Node: 32.1s, Link: 30.7s)
  XLSX → s3://us-east-1-s3-gnn/gnn-bench-out/ogbn-arxiv_results.xlsx
  Plot → s3://us-east-1-s3-gnn/gnn-bench-out/plots/ogbn-arxiv/ogbn-arxiv_acc_dist.png
  Plot → s3://us-east-1-s3-gnn/gnn-bench-out/plots/ogbn-arxiv/ogbn-arxiv_boundary_internal.png
  Plot → s3://us-east-1-s3-gnn/gnn-bench-out/plots/ogbn-arxiv/ogbn-arxiv_timing.png

================================================================================
  FINAL PIPELINE REPORT SUMMARY
================================================================================
╔══════════════════════════════════════════════════════════════╗
║  EXPERIMENT: ogbn-arxiv                                     ║
║  Global mapping: True                                        ║
╠══════════════════════════════════════════════════════════════╣
║   Dataset                        ogbn-arxiv                    ║
║   Phase 0 (ingest)               225.6s                        ║
║   Phase 1 [lpa]                  37.4s                         ║
║   Phase 2 [lpa]                  22.9s                         ║
║   Phase 3 [lpa-sage]             104.8s                        ║
║   Phase 3b [lpa-sage-caan]       39.4s                         ║
║   Phase 3 [lpa-gatv2]            265.8s                        ║
║   Phase 3b [lpa-gatv2-caan]      58.2s                         ║
║   Phase 1 [louvain]              13.7s                         ║
║   Phase 2 [louvain]              20.2s                         ║
║   Phase 3 [louvain-sage]         155.6s                        ║
║   Phase 3b [louvain-sage-caan]   43.2s                         ║
║   Phase 3 [louvain-gatv2]        462.9s                        ║
║   Phase 3b [louvain-gatv2-caan]  78.4s                         ║
║   Phase 4 (baseline)             61.0s                         ║
║   Phase 4b (DistDGL)             68.3s                         ║
║   Phase 4c (ARMA)                233.0s                        ║
║   Phase 4d (ASAP)                112.6s                        ║
║   Phase 4h (GATv2)               62.8s                         ║
╠══════════════════════════════════════════════════════════════╣
║   [lpa-sage] global acc          0.4829                        ║
║   [lpa-sage] boundary acc        0.0000                        ║
║   [lpa-sage] internal acc        0.4629                        ║
║   [lpa-sage] link AUC            0.6907                        ║
║   [lpa-sage-caan] global acc     0.3176                        ║
║   [lpa-sage-caan] boundary acc   0.0000                        ║
║   [lpa-sage-caan] internal acc   0.1921                        ║
║   [lpa-sage-caan] link AUC       0.5000                        ║
║   [lpa-gatv2] global acc         0.5128                        ║
║   [lpa-gatv2] boundary acc       0.0000                        ║
║   [lpa-gatv2] internal acc       0.5630                        ║
║   [lpa-gatv2] link AUC           0.6964                        ║
║   [lpa-gatv2-caan] global acc    0.4118                        ║
║   [lpa-gatv2-caan] boundary acc  0.0000                        ║
║   [lpa-gatv2-caan] internal acc  0.5636                        ║
║   [lpa-gatv2-caan] link AUC      0.5000                        ║
║   [lpa] communities              10,376 raw → 219 valid        ║
║   [louvain-sage] global acc      0.4441                        ║
║   [louvain-sage] boundary acc    0.0000                        ║
║   [louvain-sage] internal acc    0.3381                        ║
║   [louvain-sage] link AUC        0.7053                        ║
║   [louvain-sage-caan] global acc 0.4556                        ║
║   [louvain-sage-caan] boundary acc 0.0000                      ║
║   [louvain-sage-caan] internal acc 0.3559                      ║
║   [louvain-sage-caan] link AUC   0.5000                        ║
║   [louvain-gatv2] global acc     0.5011                        ║
║   [louvain-gatv2] boundary acc   0.0000                        ║
║   [louvain-gatv2] internal acc   0.4382                        ║
║   [louvain-gatv2] link AUC       0.7199                        ║
║   [louvain-gatv2-caan] global acc 0.5170                       ║
║   [louvain-gatv2-caan] boundary acc 0.0000                     ║
║   [louvain-gatv2-caan] internal acc 0.4551                     ║
║   [louvain-gatv2-caan] link AUC  0.5000                        ║
║   [louvain] communities          184 raw → 37 valid            ║
║   Baseline acc                   0.4674                        ║
║   Baseline link AUC              0.5105  (61.0s)               ║
║   DistDGL acc                    0.6459                        ║
║   DistDGL link AUC               0.4574  (68.3s)               ║
║   ARMA acc                       0.4710                        ║
║   ARMA link AUC                  0.8270  (233.0s)              ║
║   ASAP acc                       0.3009                        ║
║   ASAP link AUC                  0.8113  (112.6s)              ║
║   GATv2 acc                      0.5201                        ║
║   GATv2 link AUC                 0.8382  (62.8s)               ║
╚══════════════════════════════════════════════════════════════╝

[SUCCESS] EMR Driver execution completed in 2292.8 seconds.
================================================================================

