
  [Spark Auto-Scaler] Dataset: ogbn-products | Physical Size: 645.41 MB | Scale: Large
  [Spark Auto-Scaler] Active YARN Workers: 5
  → Allocating 20 executors with 3 cores and 16g (+8g overhead) memory.
  → Driver memory: 74g (+19g overhead)

  ✓ SparkSession successfully configured and initialized as 'spark'.

================================================================================
  VERIFYING AND INSTALLING PYTHON ENVIRONMENT PACKAGES
================================================================================
  ✓ numpy           - Already installed on driver and executors (skipping)
  ✓ ogb             - Already installed on driver and executors (skipping)
  ✓ igraph          - Already installed on driver and executors (skipping)
  ✓ leidenalg       - Already installed on driver and executors (skipping)
  ✓ scikit-learn    - Already installed on driver and executors (skipping)
  ✓ torch           - Already installed on driver and executors (skipping)
  ✓ boto3           - Already installed on driver and executors (skipping)
  ✓ xlsxwriter      - Already installed on driver and executors (skipping)
  ✓ openpyxl        - Already installed on driver and executors (skipping)
  ✓ matplotlib      - Already installed on driver and executors (skipping)
  ✓ seaborn         - Already installed on driver and executors (skipping)
  ✓ torch-geometric - Already installed on driver and executors (skipping)
  ✓ pyarrow         - Already installed on driver and executors (skipping)
  ✓ dgl==1.1.3      - Already installed on driver and executors (skipping)

  ✓ ALL PIPELINE DEPENDENCIES VERIFIED AND READY.

================================================================================
  CLUSTER DISK SPACE COMPATIBILITY VERIFICATION
================================================================================
  Dataset: ogbn-products | Nodes: 2,449,029 | Features: 100
  Required temp workspace disk space per executor container: 1.82 GB
  Driver temp space available (/mnt/tmp): 279.54 GB
  Executor nodes disk check results:
    ✓  ip-172-31-66-253.ec2.internal                 - Sufficient Space. Available: 281.75 GB
    ✓  ip-172-31-70-93.ec2.internal                  - Sufficient Space. Available: 281.76 GB
    ✓  ip-172-31-71-161.ec2.internal                 - Sufficient Space. Available: 281.75 GB
    ✓  ip-172-31-72-145.ec2.internal                 - Sufficient Space. Available: 281.75 GB
    ✓  ip-172-31-76-244.ec2.internal                 - Sufficient Space. Available: 279.86 GB
  ✓ ALL NODES HAVE SUFFICIENT TEMPORARY DISK SPACE TO EXECUTE GNN JOBS.
================================================================================


================================================================================
  BOOTSTRAPPING EXPERIMENT CODE AND STAGE UTILITIES
================================================================================
  ► LOADING PIPELINE AND CONFIG FROM LOCAL PATHS...
    ✓ Packed local pipeline folder to /tmp/pipeline.zip and copied to /tmp/pipeline
  ✓ Registered pipeline.zip package on Spark Context

  Run Profile: ogbn-products
  └─ Datasets: ['ogbn-products']
  └─ Algorithms: ['lpa', 'louvain']
  └─ GNN Architecture: GCN (epochs=10, lr=0.001, hidden=256)
  └─ Global Mapping: True | Boundary Expansion: True
  └─ Ingestion Phase (Phase 0): False
[Phase 0 SKIPPED]  RUN_PHASE0 = False
  → Set RUN_PHASE0 = True in experiment_config.py when using a new dataset.

============================================================
  PHASE 4 — GraphSAGE Baseline: ogbn-products
============================================================
  epochs=10
  Loaded in 51.4s

  ── GraphSAGE Run 1/1 ──
/mnt/tmp/.local/lib/python3.9/site-packages/dgl/dataloading/dataloader.py:1149: DGLWarning: Dataloader CPU affinity opt is not enabled, consider switching it on (see enable_cpu_affinity() or CPU best practices for DGL [https://docs.dgl.ai/tutorials/cpu/cpu_best_practises.html])
  dgl_warning(
    SAGE-BL Epoch  5/10 loss=0.4451
    SAGE-BL Epoch 10/10 loss=0.4125
    [Warning] Edge count is 123718024. Downsampling to 3M edges for memory-safe single-node Link Prediction split...
    Run 1 — acc=0.7298  auc=0.7559
  ✓ [ogbn-products] GraphSAGE Baseline  acc=0.7298±0.0000  auc=0.7559±0.0000  time=459.6s
    ✓ Saved baseline 4 checkpoint to S3.

============================================================
  PHASE 4b — DistDGL Baseline: ogbn-products
============================================================
  epochs=10  batch=1024  fanout=[10, 10]
  Loaded in 22.6s
  Graph: 2,449,029 nodes | 126,167,053 edges
  Running DistDGL METIS graph partitioning...
  [Info] METIS partition simulated due to local runner constraints: DistDGL METIS partitioning subprocess exited with code 2. Error: /usr/bin/python3: can't open file '/tmp/pipeline/phases/distdgl_partition_runner.py': [Errno 2] No such file or directory

  Bootstrapping distributed DistGraph environment...
  ✓ Distributed environment setup in 5.00s
/mnt/tmp/.local/lib/python3.9/site-packages/dgl/dataloading/dataloader.py:1149: DGLWarning: Dataloader CPU affinity opt is not enabled, consider switching it on (see enable_cpu_affinity() or CPU best practices for DGL [https://docs.dgl.ai/tutorials/cpu/cpu_best_practises.html])
  dgl_warning(
  Node Baseline Epoch  10/10  loss=0.4131
  Link Baseline Epoch  10/10  loss=0.6204
  ✓ [ogbn-products] DistDGL Baseline node_acc=0.7163  link_auc=0.8216  time=398.5s (part=2.0s, boot=5.0s, node=147.6s, link=243.9s)  mem=42.69GB
    ✓ Saved baseline 4b checkpoint to S3.

[PHASE 5] - Metrics Analysis, Visualizations, and Excel S3 Export

===============================================================================================
  PHASE 5A — PERFORMANCE COMPARISON (NODE ACCURACY & LINK AUC)
===============================================================================================

  Dataset: ogbn-products
  _Algorithm           Node Acc   Comm Acc    Bnd Acc    Int Acc     Link AUC
  ---------------------------------------------------------------------------
  SAGE-BL                0.7298          —          —          —       0.7559
  DISTDGL                0.7163          —          —          —       0.8216

  [ogbn-products] Performance by community size bucket:

================================================================================
  PHASE 5B — TIMING COMPARISON
================================================================================

  Dataset: ogbn-products
  Algorithm             Phase1    Phase2    Phase3   Phase3b     Total
  --------------------------------------------------------------------
  BASELINE (SAGE)            —         —         —    459.6s (Node: 152.6s, Link: 307.0s)
  DISTDGL                    —         —         —    398.5s (Node: 147.6s, Link: 243.9s)
  XLSX → s3://us-east-1-s3-gnn/gnn-bench-out/ogbn-products_results.xlsx
  Plot → s3://us-east-1-s3-gnn/gnn-bench-out/plots/ogbn-products/ogbn-products_acc_dist.png

================================================================================
  FINAL PIPELINE REPORT SUMMARY
================================================================================
╔══════════════════════════════════════════════════════════════╗
║  EXPERIMENT: ogbn-products                                  ║
║  Global mapping: True                                        ║
╠══════════════════════════════════════════════════════════════╣
║   Dataset                        ogbn-products                 ║
║   Phase 0 (ingest)               SKIPPED                       ║
║   Phase 4 (baseline)             459.6s                        ║
║   Phase 4b (DistDGL)             398.5s                        ║
╠══════════════════════════════════════════════════════════════╣
║   [lpa] communities              ? raw → ? valid               ║
║   [louvain] communities          ? raw → ? valid               ║
║   Baseline acc                   0.7298                        ║
║   Baseline link AUC              0.7559  (459.6s)              ║
║   DistDGL acc                    0.7163                        ║
║   DistDGL link AUC               0.8216  (398.5s)              ║
╚══════════════════════════════════════════════════════════════╝

[SUCCESS] EMR Driver execution completed in 1027.1 seconds.
================================================================================

